[02:38:44] Starting full rebuild+install on RFCX20661WW
[02:38:44] === MortgageUS ===
[02:38:54] MortgageUS ✓
[02:39:40] === StudentLoan ===
[02:39:50] StudentLoan ✓
[02:40:38] === CreditCardAPR ===
[02:40:49] CreditCardAPR ✓
[02:40:58] === MortgageCA ===
[02:41:09] MortgageCA ✓
[02:41:09] === MortgageUK ===
[02:41:21] MortgageUK ✓
[02:41:31] === LoanPayoffUS ===
[02:41:41] LoanPayoffUS ✓
[02:41:41] === HELOCApp ===
[02:41:51] HELOCApp ✓
[02:42:17] === AutoLoan US ===
[02:42:27] AutoLoan US ✓
[02:42:48] === AutoLoan CA ===
[02:42:59] AutoLoan CA ✓
[02:43:33] === AutoLoan UK ===
[02:43:43] AutoLoan UK ✓
[02:43:54] === RentBuyUS ===
[02:44:05] RentBuyUS ✓
[02:44:05] === RentalExpenses ===
[02:44:14] RentalExpenses ✓
[02:44:22] === PropertyROISuite ===
[02:44:32] PropertyROISuite ✓
[02:44:32] === ParkSmart ===
[02:44:43] ParkSmart ✓
[02:44:50] === SalaryApp US ===
[02:45:00] SalaryApp US ✓
[02:45:08] === SalaryApp CA ===
[02:45:17] SalaryApp CA ✓
[02:45:17] === SalaryApp UK ===
[02:45:27] SalaryApp UK ✓
[02:46:15] === rideprofit ===
[02:46:26] rideprofit ✓
[02:46:41] === JobOfferUS ===
[02:46:50] JobOfferUS ✓
[02:46:50] === ALL DONE ===
