=== BUILD ALL START Wed May  6 01:19:43 EDT 2026 ===

>>> BRRRRCalc  Wed May  6 01:19:43 EDT 2026
Resolving dependencies...
Downloading packages...
  _flutterfire_internals 1.3.59 (1.3.69 available)
  cli_util 0.4.2 (0.5.0 available)
  firebase_analytics 11.6.0 (12.3.0 available)
  firebase_analytics_platform_interface 4.4.3 (5.1.1 available)
  firebase_analytics_web 0.5.10+16 (0.6.1+5 available)
  firebase_core 3.15.2 (4.7.0 available)
  firebase_core_web 2.24.1 (3.6.0 available)
  firebase_crashlytics 4.3.10 (5.2.0 available)
  firebase_crashlytics_platform_interface 3.8.10 (3.8.20 available)
  flutter_lints 3.0.2 (6.0.0 available)
  google_mobile_ads 5.3.1 (8.0.0 available)
  intl 0.19.0 (0.20.2 available)
  lints 3.0.0 (6.1.0 available)
  matcher 0.12.19 (0.12.20 available)
  meta 1.17.0 (1.18.2 available)
  native_toolchain_c 0.17.6 (0.18.0 available)
  share_plus 10.1.4 (13.1.0 available)
  share_plus_platform_interface 5.0.2 (7.1.0 available)
  sqflite 2.4.2 (2.4.2+1 available)
  sqflite_common 2.5.6 (2.5.6+1 available)
  test_api 0.7.10 (0.7.12 available)
  url_launcher_web 2.4.2 (2.4.3 available)
  vector_math 2.2.0 (2.3.0 available)
  vm_service 15.1.0 (15.2.0 available)
  webview_flutter_android 4.11.0 (4.12.0 available)
  webview_flutter_wkwebview 3.24.4 (retracted, 3.25.1 available)
  win32 5.15.0 (6.1.0 available)
  xml 6.6.1 (7.0.1 available)
Got dependencies!
28 packages have newer versions incompatible with dependency constraints.
Try `flutter pub outdated` for more information.
Running Gradle task 'assembleRelease'...                        
Font asset "MaterialIcons-Regular.otf" was tree-shaken, reducing it from 1645184 to 6676 bytes (99.6% reduction). Tree-shaking can be disabled by providing the --no-tree-shake-icons flag when building your app.
Running Gradle task 'assembleRelease'...                          197.5s
√ Built build\app\outputs\flutter-apk\app-release.apk (54.3MB)
  ✅ BRRRRCalc  OK

>>> CapRate  Wed May  6 01:23:05 EDT 2026
Resolving dependencies...
Downloading packages...
  _flutterfire_internals 1.3.59 (1.3.69 available)
  cli_util 0.4.2 (0.5.0 available)
  firebase_analytics 11.6.0 (12.3.0 available)
  firebase_analytics_platform_interface 4.4.3 (5.1.1 available)
  firebase_analytics_web 0.5.10+16 (0.6.1+5 available)
  firebase_core 3.15.2 (4.7.0 available)
  firebase_core_web 2.24.1 (3.6.0 available)
  firebase_crashlytics 4.3.10 (5.2.0 available)
  firebase_crashlytics_platform_interface 3.8.10 (3.8.20 available)
  flutter_lints 3.0.2 (6.0.0 available)
  google_mobile_ads 5.3.1 (8.0.0 available)
  intl 0.19.0 (0.20.2 available)
  lints 3.0.0 (6.1.0 available)
  matcher 0.12.19 (0.12.20 available)
  meta 1.17.0 (1.18.2 available)
  native_toolchain_c 0.17.6 (0.18.0 available)
  share_plus 10.1.4 (13.1.0 available)
  share_plus_platform_interface 5.0.2 (7.1.0 available)
  sqflite 2.4.2 (2.4.2+1 available)
  sqflite_common 2.5.6 (2.5.6+1 available)
  test_api 0.7.10 (0.7.12 available)
  url_launcher_web 2.4.2 (2.4.3 available)
  vector_math 2.2.0 (2.3.0 available)
  vm_service 15.1.0 (15.2.0 available)
  webview_flutter_android 4.11.0 (4.12.0 available)
  webview_flutter_wkwebview 3.24.4 (retracted, 3.25.1 available)
  win32 5.15.0 (6.1.0 available)
  xml 6.6.1 (7.0.1 available)
Got dependencies!
28 packages have newer versions incompatible with dependency constraints.
Try `flutter pub outdated` for more information.
Running Gradle task 'assembleRelease'...                        
Font asset "MaterialIcons-Regular.otf" was tree-shaken, reducing it from 1645184 to 7800 bytes (99.5% reduction). Tree-shaking can be disabled by providing the --no-tree-shake-icons flag when building your app.
Running Gradle task 'assembleRelease'...                          173.0s
√ Built build\app\outputs\flutter-apk\app-release.apk (53.9MB)
  ✅ CapRate  OK

>>> RentalExpenses  Wed May  6 01:26:03 EDT 2026
Running Gradle task 'assembleRelease'...                        
Font asset "MaterialIcons-Regular.otf" was tree-shaken, reducing it from 1645184 to 11224 bytes (99.3% reduction). Tree-shaking can be disabled by providing the --no-tree-shake-icons flag when building your app.
Running Gradle task 'assembleRelease'...                          122.6s
√ Built build\app\outputs\flutter-apk\app-release.apk (56.7MB)
  ✅ RentalExpenses  OK

>>> AffordabilityUS  Wed May  6 01:28:10 EDT 2026
Resolving dependencies...
Downloading packages...
  _flutterfire_internals 1.3.59 (1.3.69 available)
  firebase_analytics 11.6.0 (12.3.0 available)
  firebase_analytics_platform_interface 4.4.3 (5.1.1 available)
  firebase_analytics_web 0.5.10+16 (0.6.1+5 available)
  firebase_core 3.15.2 (4.7.0 available)
  firebase_core_web 2.24.1 (3.6.0 available)
  firebase_crashlytics 4.3.10 (5.2.0 available)
  firebase_crashlytics_platform_interface 3.8.10 (3.8.20 available)
  fl_chart 0.68.0 (1.2.0 available)
  flutter_lints 3.0.2 (6.0.0 available)
  google_mobile_ads 5.3.1 (8.0.0 available)
  intl 0.19.0 (0.20.2 available)
  lints 3.0.0 (6.1.0 available)
  matcher 0.12.19 (0.12.20 available)
  meta 1.17.0 (1.18.2 available)
  native_toolchain_c 0.17.6 (0.18.0 available)
  share_plus 10.1.4 (13.1.0 available)
  share_plus_platform_interface 5.0.2 (7.1.0 available)
  sqflite 2.4.2 (2.4.2+1 available)
  sqflite_common 2.5.6 (2.5.6+1 available)
  test_api 0.7.10 (0.7.12 available)
  url_launcher_web 2.4.2 (2.4.3 available)
  vector_math 2.2.0 (2.3.0 available)
  vm_service 15.1.0 (15.2.0 available)
  webview_flutter_android 4.11.0 (4.12.0 available)
  webview_flutter_wkwebview 3.24.3 (3.25.1 available)
  win32 5.15.0 (6.1.0 available)
  xml 6.6.1 (7.0.1 available)
Got dependencies!
28 packages have newer versions incompatible with dependency constraints.
Try `flutter pub outdated` for more information.
Running Gradle task 'assembleRelease'...                        
Font asset "MaterialIcons-Regular.otf" was tree-shaken, reducing it from 1645184 to 5580 bytes (99.7% reduction). Tree-shaking can be disabled by providing the --no-tree-shake-icons flag when building your app.
Running Gradle task 'assembleRelease'...                          173.3s
√ Built build\app\outputs\flutter-apk\app-release.apk (55.2MB)
  ✅ AffordabilityUS  OK

>>> CreditCardAPR  Wed May  6 01:31:09 EDT 2026
Resolving dependencies...
Downloading packages...
  _flutterfire_internals 1.3.59 (1.3.69 available)
  firebase_analytics 11.6.0 (12.3.0 available)
  firebase_analytics_platform_interface 4.4.3 (5.1.1 available)
  firebase_analytics_web 0.5.10+16 (0.6.1+5 available)
  firebase_core 3.15.2 (4.7.0 available)
  firebase_core_web 2.24.1 (3.6.0 available)
  firebase_crashlytics 4.3.10 (5.2.0 available)
  firebase_crashlytics_platform_interface 3.8.10 (3.8.20 available)
  fl_chart 0.68.0 (1.2.0 available)
  flutter_lints 3.0.2 (6.0.0 available)
  google_mobile_ads 5.3.1 (8.0.0 available)
  intl 0.19.0 (0.20.2 available)
  lints 3.0.0 (6.1.0 available)
  matcher 0.12.19 (0.12.20 available)
  meta 1.17.0 (1.18.2 available)
  sqflite 2.4.2 (2.4.2+1 available)
  sqflite_common 2.5.6 (2.5.6+1 available)
  test_api 0.7.10 (0.7.12 available)
  url_launcher_web 2.4.2 (2.4.3 available)
  vector_math 2.2.0 (2.3.0 available)
  vm_service 15.1.0 (15.2.0 available)
  webview_flutter_android 4.11.0 (4.12.0 available)
  webview_flutter_wkwebview 3.24.3 (3.25.1 available)
  xml 6.6.1 (7.0.1 available)
Got dependencies!
24 packages have newer versions incompatible with dependency constraints.
Try `flutter pub outdated` for more information.
Running Gradle task 'assembleRelease'...                        
lib/screens/history_screen.dart:253:83: Error: Can't find ']' to match '['.
                    pageBuilder: (_, __, ___) => HistoryDetailScreen(row: _history[_history.indexWhere((r))),
                                                                                  ^
lib/screens/history_screen.dart:252:13: Error: A function expression can't have a name.
            PageRouteBuilder(
            ^^^^^^^^^^^^^^^^
lib/screens/history_screen.dart:253:105: Error: Undefined name 'r'.
                    pageBuilder: (_, __, ___) => HistoryDetailScreen(row: _history[_history.indexWhere((r))),
                                                                                          ^
lib/screens/history_screen.dart:253:84: Error: Not a constant expression.
                    pageBuilder: (_, __, ___) => HistoryDetailScreen(row: _history[_history.indexWhere((r))),
                                                                                   ^^^^^^^^
lib/screens/history_screen.dart:253:93: Error: Method invocation is not a constant expression.
                    pageBuilder: (_, __, ___) => HistoryDetailScreen(row: _history[_history.indexWhere((r))),
                                                                                          ^^^^^^^^^^
lib/screens/history_screen.dart:253:75: Error: Not a constant expression.
                    pageBuilder: (_, __, ___) => HistoryDetailScreen(row: _history[_history.indexWhere((r))),
                                                                          ^^^^^^^^
lib/screens/history_screen.dart:253:50: Error: Constant expression expected.
Try inserting 'const'.
                    pageBuilder: (_, __, ___) => HistoryDetailScreen(row: _history[_history.indexWhere((r))),
                                                 ^^^^^^^^^^^^^^^^^^^
lib/screens/history_screen.dart:253:34: Error: Not a constant expression.
                    pageBuilder: (_, __, ___) => HistoryDetailScreen(row: _history[_history.indexWhere((r))),
                                 ^^^^^^^^^^^^
lib/screens/history_screen.dart:253:32: Error: Non-optional parameters can't have a default value.
Try removing the default value or making the parameter optional.
                    pageBuilder: (_, __, ___) => HistoryDetailScreen(row: _history[_history.indexWhere((r))),
                               ^
lib/screens/history_screen.dart:255:49: Error: Not a constant expression.
                        FadeTransition(opacity: anim, child: child),
                                                ^^^^
lib/screens/history_screen.dart:255:62: Error: Not a constant expression.
                        FadeTransition(opacity: anim, child: child),
                                                             ^^^^^
lib/screens/history_screen.dart:255:25: Error: Constant expression expected.
Try inserting 'const'.
                        FadeTransition(opacity: anim, child: child),
                        ^^^^^^^^^^^^^^
lib/screens/history_screen.dart:254:41: Error: Not a constant expression.
                    transitionsBuilder: (_, anim, __, child) =>
                                        ^^^^^^^^^^^^^^^^^^^^
lib/screens/history_screen.dart:254:39: Error: Non-optional parameters can't have a default value.
Try removing the default value or making the parameter optional.
                    transitionsBuilder: (_, anim, __, child) =>
                                      ^
lib/screens/history_screen.dart:256:39: Error: Non-optional parameters can't have a default value.
Try removing the default value or making the parameter optional.
                    transitionDuration: const Duration(milliseconds: 250),
                                      ^
lib/screens/history_screen.dart:257:38: Error: Expected ')' before this.
                  ) => r['id'] == id)])),
                                     ^
lib/screens/history_screen.dart:258:11: Error: Expected ';' after this.
          ),
          ^
lib/screens/history_screen.dart:258:12: Error: Expected an identifier, but got ','.
Try inserting an identifier before ','.
          ),
           ^
lib/screens/history_screen.dart:258:12: Error: Unexpected token ';'.
          ),
           ^
lib/screens/history_screen.dart:319:11: Error: Expected ';' after this.
          ),
          ^
lib/screens/history_screen.dart:319:12: Error: Expected an identifier, but got ','.
Try inserting an identifier before ','.
          ),
           ^
lib/screens/history_screen.dart:319:12: Error: Unexpected token ';'.
          ),
           ^
lib/screens/history_screen.dart:320:9: Error: Expected an identifier, but got ')'.
Try inserting an identifier before ')'.
        ),
        ^
lib/screens/history_screen.dart:319:12: Error: Expected ';' after this.
          ),
           ^
lib/screens/history_screen.dart:320:9: Error: Unexpected token ';'.
        ),
        ^
lib/screens/history_screen.dart:320:10: Error: Expected an identifier, but got ','.
Try inserting an identifier before ','.
        ),
         ^
lib/screens/history_screen.dart:320:9: Error: Expected ';' after this.
        ),
        ^
lib/screens/history_screen.dart:320:10: Error: Unexpected token ';'.
        ),
         ^
lib/screens/history_screen.dart:321:7: Error: Expected an identifier, but got ')'.
Try inserting an identifier before ')'.
      ),
      ^
lib/screens/history_screen.dart:320:10: Error: Expected ';' after this.
        ),
         ^
lib/screens/history_screen.dart:321:7: Error: Unexpected token ';'.
      ),
      ^
lib/screens/history_screen.dart:321:8: Error: Expected an identifier, but got ','.
Try inserting an identifier before ','.
      ),
       ^
lib/screens/history_screen.dart:321:7: Error: Expected ';' after this.
      ),
      ^
lib/screens/history_screen.dart:321:8: Error: Unexpected token ';'.
      ),
       ^
lib/screens/history_screen.dart:322:5: Error: Expected an identifier, but got ')'.
Try inserting an identifier before ')'.
    );
    ^
lib/screens/history_screen.dart:321:8: Error: Expected ';' after this.
      ),
       ^
lib/screens/history_screen.dart:322:5: Error: Unexpected token ';'.
    );
    ^
lib/screens/history_screen.dart:257:24: Error: The getter 'r' isn't defined for the type '_HistoryScreenState'.
 - '_HistoryScreenState' is from 'package:credit_card_apr/screens/history_screen.dart' ('lib/screens/history_screen.dart').
Try correcting the name to the name of an existing getter, or defining a getter or field named 'r'.
                  ) => r['id'] == id)])),
                       ^
Target kernel_snapshot_program failed: Exception


FAILURE: Build failed with an exception.

* What went wrong:
Execution failed for task ':app:compileFlutterBuildRelease'.
> Process 'command 'D:\flutter\flutter\bin\flutter.bat'' finished with non-zero exit value 1

* Try:
> Run with --stacktrace option to get the stack trace.
> Run with --info or --debug option to get more log output.
> Run with --scan to get full insights.
> Get more help at https://help.gradle.org.

BUILD FAILED in 30s
Running Gradle task 'assembleRelease'...                           30.7s
Gradle task assembleRelease failed with exit code 1
  ❌ CreditCardAPR  FAILED

>>> HELOCApp  Wed May  6 01:31:44 EDT 2026
Resolving dependencies...
Downloading packages...
  _flutterfire_internals 1.3.59 (1.3.69 available)
  firebase_analytics 11.6.0 (12.3.0 available)
  firebase_analytics_platform_interface 4.4.3 (5.1.1 available)
  firebase_analytics_web 0.5.10+16 (0.6.1+5 available)
  firebase_core 3.15.2 (4.7.0 available)
  firebase_core_web 2.24.1 (3.6.0 available)
  firebase_crashlytics 4.3.10 (5.2.0 available)
  firebase_crashlytics_platform_interface 3.8.10 (3.8.20 available)
  fl_chart 0.68.0 (1.2.0 available)
  flutter_lints 3.0.2 (6.0.0 available)
  google_mobile_ads 5.3.1 (8.0.0 available)
  intl 0.19.0 (0.20.2 available)
  lints 3.0.0 (6.1.0 available)
  matcher 0.12.19 (0.12.20 available)
  meta 1.17.0 (1.18.2 available)
  native_toolchain_c 0.17.6 (0.18.0 available)
  share_plus 10.1.4 (13.1.0 available)
  share_plus_platform_interface 5.0.2 (7.1.0 available)
  sqflite 2.4.2 (2.4.2+1 available)
  sqflite_common 2.5.6 (2.5.6+1 available)
  test_api 0.7.10 (0.7.12 available)
  url_launcher_web 2.4.2 (2.4.3 available)
  vector_math 2.2.0 (2.3.0 available)
  vm_service 15.1.0 (15.2.0 available)
  webview_flutter_android 4.11.0 (4.12.0 available)
  webview_flutter_wkwebview 3.24.3 (3.25.1 available)
  win32 5.15.0 (6.1.0 available)
  xml 6.6.1 (7.0.1 available)
Got dependencies!
28 packages have newer versions incompatible with dependency constraints.
Try `flutter pub outdated` for more information.
Running Gradle task 'assembleRelease'...                        
Font asset "MaterialIcons-Regular.otf" was tree-shaken, reducing it from 1645184 to 7408 bytes (99.5% reduction). Tree-shaking can be disabled by providing the --no-tree-shake-icons flag when building your app.
Running Gradle task 'assembleRelease'...                          191.4s
√ Built build\app\outputs\flutter-apk\app-release.apk (56.1MB)
  ✅ HELOCApp  OK

>>> HouseFlip  Wed May  6 01:35:02 EDT 2026
Resolving dependencies...
Downloading packages...
  _flutterfire_internals 1.3.59 (1.3.69 available)
  cli_util 0.4.2 (0.5.0 available)
  firebase_analytics 11.6.0 (12.3.0 available)
  firebase_analytics_platform_interface 4.4.3 (5.1.1 available)
  firebase_analytics_web 0.5.10+16 (0.6.1+5 available)
  firebase_core 3.15.2 (4.7.0 available)
  firebase_core_web 2.24.1 (3.6.0 available)
  firebase_crashlytics 4.3.10 (5.2.0 available)
  firebase_crashlytics_platform_interface 3.8.10 (3.8.20 available)
  flutter_lints 3.0.2 (6.0.0 available)
  google_mobile_ads 5.3.1 (8.0.0 available)
  intl 0.19.0 (0.20.2 available)
  lints 3.0.0 (6.1.0 available)
  matcher 0.12.19 (0.12.20 available)
  meta 1.17.0 (1.18.2 available)
  native_toolchain_c 0.17.6 (0.18.0 available)
  share_plus 10.1.4 (13.1.0 available)
  share_plus_platform_interface 5.0.2 (7.1.0 available)
  sqflite 2.4.2 (2.4.2+1 available)
  sqflite_common 2.5.6 (2.5.6+1 available)
  test_api 0.7.10 (0.7.12 available)
  url_launcher_web 2.4.2 (2.4.3 available)
  vector_math 2.2.0 (2.3.0 available)
  vm_service 15.1.0 (15.2.0 available)
  webview_flutter_android 4.11.0 (4.12.0 available)
  webview_flutter_wkwebview 3.24.4 (retracted, 3.25.1 available)
  win32 5.15.0 (6.1.0 available)
  xml 6.6.1 (7.0.1 available)
Got dependencies!
28 packages have newer versions incompatible with dependency constraints.
Try `flutter pub outdated` for more information.
Running Gradle task 'assembleRelease'...                        
Font asset "MaterialIcons-Regular.otf" was tree-shaken, reducing it from 1645184 to 6752 bytes (99.6% reduction). Tree-shaking can be disabled by providing the --no-tree-shake-icons flag when building your app.
Running Gradle task 'assembleRelease'...                          214.4s
√ Built build\app\outputs\flutter-apk\app-release.apk (53.2MB)
  ✅ HouseFlip  OK

>>> LandlordCashFlow  Wed May  6 01:38:42 EDT 2026
Resolving dependencies...
Downloading packages...
  _flutterfire_internals 1.3.59 (1.3.69 available)
  cli_util 0.4.2 (0.5.0 available)
  firebase_analytics 11.6.0 (12.3.0 available)
  firebase_analytics_platform_interface 4.4.3 (5.1.1 available)
  firebase_analytics_web 0.5.10+16 (0.6.1+5 available)
  firebase_core 3.15.2 (4.7.0 available)
  firebase_core_web 2.24.1 (3.6.0 available)
  firebase_crashlytics 4.3.10 (5.2.0 available)
  firebase_crashlytics_platform_interface 3.8.10 (3.8.20 available)
  fl_chart 0.68.0 (1.2.0 available)
  flutter_lints 3.0.2 (6.0.0 available)
  google_mobile_ads 5.3.1 (8.0.0 available)
  intl 0.19.0 (0.20.2 available)
  lints 3.0.0 (6.1.0 available)
  matcher 0.12.19 (0.12.20 available)
  meta 1.17.0 (1.18.2 available)
  native_toolchain_c 0.17.6 (0.18.0 available)
  share_plus 10.1.4 (13.1.0 available)
  share_plus_platform_interface 5.0.2 (7.1.0 available)
  sqflite 2.4.2 (2.4.2+1 available)
  sqflite_common 2.5.6 (2.5.6+1 available)
  test_api 0.7.10 (0.7.12 available)
  url_launcher_web 2.4.2 (2.4.3 available)
  vector_math 2.2.0 (2.3.0 available)
  vm_service 15.1.0 (15.2.0 available)
  webview_flutter_android 4.11.0 (4.12.0 available)
  webview_flutter_wkwebview 3.24.4 (retracted, 3.25.1 available)
  win32 5.15.0 (6.1.0 available)
  xml 6.6.1 (7.0.1 available)
Got dependencies!
29 packages have newer versions incompatible with dependency constraints.
Try `flutter pub outdated` for more information.
Running Gradle task 'assembleRelease'...                        
Font asset "MaterialIcons-Regular.otf" was tree-shaken, reducing it from 1645184 to 7664 bytes (99.5% reduction). Tree-shaking can be disabled by providing the --no-tree-shake-icons flag when building your app.
Running Gradle task 'assembleRelease'...                          188.9s
√ Built build\app\outputs\flutter-apk\app-release.apk (54.7MB)
  ✅ LandlordCashFlow  OK

>>> MortgageCA  Wed May  6 01:41:56 EDT 2026
Running Gradle task 'assembleRelease'...                        
Font asset "MaterialIcons-Regular.otf" was tree-shaken, reducing it from 1645184 to 9104 bytes (99.4% reduction). Tree-shaking can be disabled by providing the --no-tree-shake-icons flag when building your app.
Running Gradle task 'assembleRelease'...                          210.6s
√ Built build\app\outputs\flutter-apk\app-release.apk (58.1MB)
  ✅ MortgageCA  OK

>>> MortgageExtraPayment  Wed May  6 01:45:32 EDT 2026
Resolving dependencies...
Downloading packages...
  _flutterfire_internals 1.3.59 (1.3.69 available)
  cli_util 0.4.2 (0.5.0 available)
  firebase_analytics 11.6.0 (12.3.0 available)
  firebase_analytics_platform_interface 4.4.3 (5.1.1 available)
  firebase_analytics_web 0.5.10+16 (0.6.1+5 available)
  firebase_core 3.15.2 (4.7.0 available)
  firebase_core_web 2.24.1 (3.6.0 available)
  firebase_crashlytics 4.3.10 (5.2.0 available)
  firebase_crashlytics_platform_interface 3.8.10 (3.8.20 available)
  flutter_lints 3.0.2 (6.0.0 available)
  google_mobile_ads 5.3.1 (8.0.0 available)
  intl 0.19.0 (0.20.2 available)
  lints 3.0.0 (6.1.0 available)
  matcher 0.12.19 (0.12.20 available)
  meta 1.17.0 (1.18.2 available)
  native_toolchain_c 0.17.6 (0.18.0 available)
  share_plus 10.1.4 (13.1.0 available)
  share_plus_platform_interface 5.0.2 (7.1.0 available)
  sqflite 2.4.2 (2.4.2+1 available)
  sqflite_common 2.5.6 (2.5.6+1 available)
  test_api 0.7.10 (0.7.12 available)
  url_launcher_web 2.4.2 (2.4.3 available)
  vector_math 2.2.0 (2.3.0 available)
  vm_service 15.1.0 (15.2.0 available)
  webview_flutter_android 4.11.0 (4.12.0 available)
  webview_flutter_wkwebview 3.24.4 (retracted, 3.25.1 available)
  win32 5.15.0 (6.1.0 available)
  xml 6.6.1 (7.0.1 available)
Got dependencies!
28 packages have newer versions incompatible with dependency constraints.
Try `flutter pub outdated` for more information.
Running Gradle task 'assembleRelease'...                        
Font asset "MaterialIcons-Regular.otf" was tree-shaken, reducing it from 1645184 to 6128 bytes (99.6% reduction). Tree-shaking can be disabled by providing the --no-tree-shake-icons flag when building your app.
Running Gradle task 'assembleRelease'...                          241.8s
√ Built build\app\outputs\flutter-apk\app-release.apk (53.6MB)
  ✅ MortgageExtraPayment  OK

>>> MortgageUK  Wed May  6 01:49:39 EDT 2026
Running Gradle task 'assembleRelease'...                        
Font asset "MaterialIcons-Regular.otf" was tree-shaken, reducing it from 1645184 to 9168 bytes (99.4% reduction). Tree-shaking can be disabled by providing the --no-tree-shake-icons flag when building your app.
Running Gradle task 'assembleRelease'...                          189.3s
√ Built build\app\outputs\flutter-apk\app-release.apk (56.4MB)
  ✅ MortgageUK  OK

>>> MortgageUS  Wed May  6 01:52:55 EDT 2026
Resolving dependencies...
Downloading packages...
  _fe_analyzer_shared 85.0.0 (100.0.0 available)
  _flutterfire_internals 1.3.59 (1.3.69 available)
  analyzer 7.6.0 (13.0.0 available)
  analyzer_plugin 0.13.4 (0.14.9 available)
  build 2.4.2 (4.0.6 available)
  build_config 1.1.2 (1.3.0 available)
  build_resolvers 2.4.4 (3.0.4 available)
  build_runner 2.4.14 (2.15.0 available)
  build_runner_core 8.0.0 (9.3.2 available)
  built_value 8.12.5 (8.12.6 available)
  cli_util 0.4.2 (0.5.0 available)
  custom_lint_core 0.7.5 (0.8.2 available)
  custom_lint_visitor 1.0.0+7.7.0 (1.0.0+9.0.0 available)
  dart_style 3.1.1 (3.1.9 available)
  firebase_analytics 11.6.0 (12.3.0 available)
  firebase_analytics_platform_interface 4.4.3 (5.1.1 available)
  firebase_analytics_web 0.5.10+16 (0.6.1+5 available)
  firebase_core 3.15.2 (4.7.0 available)
  firebase_core_web 2.24.1 (3.6.0 available)
  firebase_crashlytics 4.3.10 (5.2.0 available)
  firebase_crashlytics_platform_interface 3.8.10 (3.8.20 available)
  fl_chart 0.68.0 (1.2.0 available)
  flutter_lints 3.0.2 (6.0.0 available)
  flutter_riverpod 2.6.1 (3.3.1 available)
  google_mobile_ads 5.3.1 (8.0.0 available)
  hooks 1.0.2 (1.0.3 available)
  intl 0.19.0 (0.20.2 available)
  lints 3.0.0 (6.1.0 available)
  matcher 0.12.19 (0.12.20 available)
  meta 1.17.0 (1.18.2 available)
  mime 1.0.6 (2.0.0 available)
  native_toolchain_c 0.17.6 (0.18.0 available)
  riverpod 2.6.1 (3.2.1 available)
  riverpod_annotation 2.6.1 (4.0.2 available)
  riverpod_generator 2.6.5 (4.0.3 available)
  share_plus 10.1.4 (13.1.0 available)
  share_plus_platform_interface 5.0.2 (7.1.0 available)
  shelf_web_socket 2.0.1 (3.0.0 available)
  source_gen 2.0.0 (4.2.3 available)
  sqflite 2.4.2 (2.4.2+1 available)
  sqflite_common 2.5.6 (2.5.6+1 available)
  test_api 0.7.10 (0.7.12 available)
  url_launcher_web 2.4.2 (2.4.3 available)
  vector_math 2.2.0 (2.3.0 available)
  vm_service 15.0.2 (15.2.0 available)
  webview_flutter_android 4.11.0 (4.12.0 available)
  webview_flutter_wkwebview 3.24.3 (3.25.1 available)
  win32 5.15.0 (6.1.0 available)
  xml 6.6.1 (7.0.1 available)
Got dependencies!
49 packages have newer versions incompatible with dependency constraints.
Try `flutter pub outdated` for more information.
Running Gradle task 'assembleRelease'...                        
Font asset "MaterialIcons-Regular.otf" was tree-shaken, reducing it from 1645184 to 8496 bytes (99.5% reduction). Tree-shaking can be disabled by providing the --no-tree-shake-icons flag when building your app.
Running Gradle task 'assembleRelease'...                          191.2s
√ Built build\app\outputs\flutter-apk\app-release.apk (58.6MB)
  ✅ MortgageUS  OK

>>> ParkSmart  Wed May  6 01:56:17 EDT 2026
Resolving dependencies...
Downloading packages...
  flutter_lints 3.0.2 (6.0.0 available)
  flutter_map 7.0.2 (8.3.0 available)
  geolocator 13.0.4 (14.0.2 available)
  geolocator_android 4.6.2 (5.0.2 available)
  intl 0.19.0 (0.20.2 available)
  latlong2 0.9.1 (0.10.1 available)
  lints 3.0.0 (6.1.0 available)
  matcher 0.12.19 (0.12.20 available)
  meta 1.17.0 (1.18.2 available)
  mgrs_dart 2.0.0 (3.0.0 available)
  permission_handler 11.4.0 (12.0.1 available)
  permission_handler_android 12.1.0 (13.0.1 available)
  proj4dart 2.1.0 (3.0.0 available)
  test_api 0.7.10 (0.7.12 available)
  unicode 0.3.1 (1.1.9 available)
  vector_math 2.2.0 (2.3.0 available)
Got dependencies!
16 packages have newer versions incompatible with dependency constraints.
Try `flutter pub outdated` for more information.
Running Gradle task 'assembleRelease'...                           25.0s
√ Built build\app\outputs\flutter-apk\app-release.apk (48.1MB)
  ✅ ParkSmart  OK

>>> PropertyROI  Wed May  6 01:56:48 EDT 2026
Resolving dependencies...
Downloading packages...
  _flutterfire_internals 1.3.59 (1.3.69 available)
  firebase_analytics 11.6.0 (12.3.0 available)
  firebase_analytics_platform_interface 4.4.3 (5.1.1 available)
  firebase_analytics_web 0.5.10+16 (0.6.1+5 available)
  firebase_core 3.15.2 (4.7.0 available)
  firebase_core_web 2.24.1 (3.6.0 available)
  firebase_crashlytics 4.3.10 (5.2.0 available)
  firebase_crashlytics_platform_interface 3.8.10 (3.8.20 available)
  fl_chart 0.68.0 (1.2.0 available)
  flutter_lints 3.0.2 (6.0.0 available)
  google_mobile_ads 5.3.1 (8.0.0 available)
  intl 0.19.0 (0.20.2 available)
  lints 3.0.0 (6.1.0 available)
  matcher 0.12.19 (0.12.20 available)
  meta 1.17.0 (1.18.2 available)
  native_toolchain_c 0.17.6 (0.18.0 available)
  share_plus 10.1.4 (13.1.0 available)
  share_plus_platform_interface 5.0.2 (7.1.0 available)
  sqflite 2.4.2 (2.4.2+1 available)
  sqflite_common 2.5.6 (2.5.6+1 available)
  test_api 0.7.10 (0.7.12 available)
  url_launcher_web 2.4.2 (2.4.3 available)
  vector_math 2.2.0 (2.3.0 available)
  vm_service 15.1.0 (15.2.0 available)
  webview_flutter_android 4.11.0 (4.12.0 available)
  webview_flutter_wkwebview 3.24.3 (3.25.1 available)
  win32 5.15.0 (6.1.0 available)
  xml 6.6.1 (7.0.1 available)
Got dependencies!
28 packages have newer versions incompatible with dependency constraints.
Try `flutter pub outdated` for more information.
Running Gradle task 'assembleRelease'...                        
Font asset "MaterialIcons-Regular.otf" was tree-shaken, reducing it from 1645184 to 6932 bytes (99.6% reduction). Tree-shaking can be disabled by providing the --no-tree-shake-icons flag when building your app.
Running Gradle task 'assembleRelease'...                          279.8s
√ Built build\app\outputs\flutter-apk\app-release.apk (56.0MB)
  ✅ PropertyROI  OK

>>> RefinanceApp  Wed May  6 02:01:35 EDT 2026
Resolving dependencies...
Downloading packages...
  _flutterfire_internals 1.3.59 (1.3.69 available)
  firebase_analytics 11.6.0 (12.3.0 available)
  firebase_analytics_platform_interface 4.4.3 (5.1.1 available)
  firebase_analytics_web 0.5.10+16 (0.6.1+5 available)
  firebase_core 3.15.2 (4.7.0 available)
  firebase_core_web 2.24.1 (3.6.0 available)
  firebase_crashlytics 4.3.10 (5.2.0 available)
  firebase_crashlytics_platform_interface 3.8.10 (3.8.20 available)
  fl_chart 0.68.0 (1.2.0 available)
  flutter_lints 3.0.2 (6.0.0 available)
  google_mobile_ads 5.3.1 (8.0.0 available)
  intl 0.19.0 (0.20.2 available)
  lints 3.0.0 (6.1.0 available)
  matcher 0.12.19 (0.12.20 available)
  meta 1.17.0 (1.18.2 available)
  native_toolchain_c 0.17.6 (0.18.0 available)
  share_plus 10.1.4 (13.1.0 available)
  share_plus_platform_interface 5.0.2 (7.1.0 available)
  sqflite 2.4.2 (2.4.2+1 available)
  sqflite_common 2.5.6 (2.5.6+1 available)
  test_api 0.7.10 (0.7.12 available)
  url_launcher_web 2.4.2 (2.4.3 available)
  vector_math 2.2.0 (2.3.0 available)
  vm_service 15.1.0 (15.2.0 available)
  webview_flutter_android 4.11.0 (4.12.0 available)
  webview_flutter_wkwebview 3.24.3 (3.25.1 available)
  win32 5.15.0 (6.1.0 available)
  xml 6.6.1 (7.0.1 available)
Got dependencies!
28 packages have newer versions incompatible with dependency constraints.
Try `flutter pub outdated` for more information.
Running Gradle task 'assembleRelease'...                        
Font asset "MaterialIcons-Regular.otf" was tree-shaken, reducing it from 1645184 to 6832 bytes (99.6% reduction). Tree-shaking can be disabled by providing the --no-tree-shake-icons flag when building your app.
Running Gradle task 'assembleRelease'...                          214.4s
√ Built build\app\outputs\flutter-apk\app-release.apk (55.7MB)
  ✅ RefinanceApp  OK

>>> RentBuyUS  Wed May  6 02:05:17 EDT 2026
Resolving dependencies...
Downloading packages...
  _flutterfire_internals 1.3.59 (1.3.69 available)
  cli_util 0.4.2 (0.5.0 available)
  firebase_analytics 11.6.0 (12.3.0 available)
  firebase_analytics_platform_interface 4.4.3 (5.1.1 available)
  firebase_analytics_web 0.5.10+16 (0.6.1+5 available)
  firebase_core 3.15.2 (4.7.0 available)
  firebase_core_web 2.24.1 (3.6.0 available)
  firebase_crashlytics 4.3.10 (5.2.0 available)
  firebase_crashlytics_platform_interface 3.8.10 (3.8.20 available)
  fl_chart 0.69.2 (1.2.0 available)
  flutter_riverpod 2.6.1 (3.3.1 available)
  google_mobile_ads 5.3.1 (8.0.0 available)
  intl 0.19.0 (0.20.2 available)
  matcher 0.12.19 (0.12.20 available)
  meta 1.17.0 (1.18.2 available)
  native_toolchain_c 0.17.6 (0.18.0 available)
  riverpod 2.6.1 (3.2.1 available)
  share_plus 10.1.4 (13.1.0 available)
  share_plus_platform_interface 5.0.2 (7.1.0 available)
  sqflite 2.4.2 (2.4.2+1 available)
  sqflite_common 2.5.6 (2.5.6+1 available)
  test_api 0.7.10 (0.7.12 available)
  url_launcher_web 2.4.2 (2.4.3 available)
  vector_math 2.2.0 (2.3.0 available)
  vm_service 15.1.0 (15.2.0 available)
  webview_flutter_android 4.11.0 (4.12.0 available)
  webview_flutter_wkwebview 3.24.3 (3.25.1 available)
  win32 5.15.0 (6.1.0 available)
  xml 6.6.1 (7.0.1 available)
Got dependencies!
29 packages have newer versions incompatible with dependency constraints.
Try `flutter pub outdated` for more information.
Running Gradle task 'assembleRelease'...                        
Font asset "MaterialIcons-Regular.otf" was tree-shaken, reducing it from 1645184 to 8952 bytes (99.5% reduction). Tree-shaking can be disabled by providing the --no-tree-shake-icons flag when building your app.
Running Gradle task 'assembleRelease'...                          209.0s
√ Built build\app\outputs\flutter-apk\app-release.apk (58.3MB)
  ✅ RentBuyUS  OK

>>> RentalROI  Wed May  6 02:08:51 EDT 2026
Resolving dependencies...
Downloading packages...
  _flutterfire_internals 1.3.59 (1.3.69 available)
  cli_util 0.4.2 (0.5.0 available)
  firebase_analytics 11.6.0 (12.3.0 available)
  firebase_analytics_platform_interface 4.4.3 (5.1.1 available)
  firebase_analytics_web 0.5.10+16 (0.6.1+5 available)
  firebase_core 3.15.2 (4.7.0 available)
  firebase_core_web 2.24.1 (3.6.0 available)
  firebase_crashlytics 4.3.10 (5.2.0 available)
  firebase_crashlytics_platform_interface 3.8.10 (3.8.20 available)
  flutter_lints 3.0.2 (6.0.0 available)
  google_mobile_ads 5.3.1 (8.0.0 available)
  intl 0.19.0 (0.20.2 available)
  lints 3.0.0 (6.1.0 available)
  matcher 0.12.19 (0.12.20 available)
  meta 1.17.0 (1.18.2 available)
  native_toolchain_c 0.17.6 (0.18.0 available)
  share_plus 10.1.4 (13.1.0 available)
  share_plus_platform_interface 5.0.2 (7.1.0 available)
  sqflite 2.4.2 (2.4.2+1 available)
  sqflite_common 2.5.6 (2.5.6+1 available)
  test_api 0.7.10 (0.7.12 available)
  url_launcher_web 2.4.2 (2.4.3 available)
  vector_math 2.2.0 (2.3.0 available)
  vm_service 15.1.0 (15.2.0 available)
  webview_flutter_android 4.11.0 (4.12.0 available)
  webview_flutter_wkwebview 3.24.4 (retracted, 3.25.1 available)
  win32 5.15.0 (6.1.0 available)
  xml 6.6.1 (7.0.1 available)
Got dependencies!
28 packages have newer versions incompatible with dependency constraints.
Try `flutter pub outdated` for more information.
Running Gradle task 'assembleRelease'...                        
Font asset "MaterialIcons-Regular.otf" was tree-shaken, reducing it from 1645184 to 7520 bytes (99.5% reduction). Tree-shaking can be disabled by providing the --no-tree-shake-icons flag when building your app.
Running Gradle task 'assembleRelease'...                          173.4s
√ Built build\app\outputs\flutter-apk\app-release.apk (54.8MB)
  ✅ RentalROI  OK

>>> StudentLoan  Wed May  6 02:11:53 EDT 2026
Resolving dependencies...
Downloading packages...
  _flutterfire_internals 1.3.59 (1.3.69 available)
  firebase_analytics 11.6.0 (12.3.0 available)
  firebase_analytics_platform_interface 4.4.3 (5.1.1 available)
  firebase_analytics_web 0.5.10+16 (0.6.1+5 available)
  firebase_core 3.15.2 (4.7.0 available)
  firebase_core_web 2.24.1 (3.6.0 available)
  firebase_crashlytics 4.3.10 (5.2.0 available)
  firebase_crashlytics_platform_interface 3.8.10 (3.8.20 available)
  fl_chart 0.68.0 (1.2.0 available)
  flutter_lints 3.0.2 (6.0.0 available)
  google_mobile_ads 5.3.1 (8.0.0 available)
  intl 0.19.0 (0.20.2 available)
  lints 3.0.0 (6.1.0 available)
  matcher 0.12.19 (0.12.20 available)
  meta 1.17.0 (1.18.2 available)
  native_toolchain_c 0.17.6 (0.18.0 available)
  share_plus 10.1.4 (13.1.0 available)
  share_plus_platform_interface 5.0.2 (7.1.0 available)
  sqflite 2.4.2 (2.4.2+1 available)
  sqflite_common 2.5.6 (2.5.6+1 available)
  test_api 0.7.10 (0.7.12 available)
  url_launcher_web 2.4.2 (2.4.3 available)
  vector_math 2.2.0 (2.3.0 available)
  vm_service 15.1.0 (15.2.0 available)
  webview_flutter_android 4.11.0 (4.12.0 available)
  webview_flutter_wkwebview 3.24.3 (3.25.1 available)
  win32 5.15.0 (6.1.0 available)
  xml 6.6.1 (7.0.1 available)
Got dependencies!
28 packages have newer versions incompatible with dependency constraints.
Try `flutter pub outdated` for more information.
Running Gradle task 'assembleRelease'...                        
Font asset "MaterialIcons-Regular.otf" was tree-shaken, reducing it from 1645184 to 7988 bytes (99.5% reduction). Tree-shaking can be disabled by providing the --no-tree-shake-icons flag when building your app.
Running Gradle task 'assembleRelease'...                          203.5s
√ Built build\app\outputs\flutter-apk\app-release.apk (57.1MB)
  ✅ StudentLoan  OK

>>> rideprofit  Wed May  6 02:15:23 EDT 2026
Running Gradle task 'assembleRelease'...                          169.7s
√ Built build\app\outputs\flutter-apk\app-release.apk (59.7MB)
  ✅ rideprofit  OK

>>> AutoLoan ca Wed May  6 02:18:20 EDT 2026
Resolving dependencies...
Downloading packages...
  _flutterfire_internals 1.3.59 (1.3.69 available)
  cli_util 0.4.2 (0.5.0 available)
  firebase_analytics 11.6.0 (12.3.0 available)
  firebase_analytics_platform_interface 4.4.3 (5.1.1 available)
  firebase_analytics_web 0.5.10+16 (0.6.1+5 available)
  firebase_core 3.15.2 (4.7.0 available)
  firebase_core_web 2.24.1 (3.6.0 available)
  firebase_crashlytics 4.3.10 (5.2.0 available)
  firebase_crashlytics_platform_interface 3.8.10 (3.8.20 available)
  fl_chart 0.69.2 (1.2.0 available)
  google_mobile_ads 5.3.1 (8.0.0 available)
  hooks 1.0.2 (1.0.3 available)
  matcher 0.12.19 (0.12.20 available)
  meta 1.17.0 (1.18.2 available)
  native_toolchain_c 0.17.6 (0.18.0 available)
  share_plus 10.1.4 (13.1.0 available)
  share_plus_platform_interface 5.0.2 (7.1.0 available)
  test_api 0.7.10 (0.7.12 available)
  url_launcher_web 2.4.2 (2.4.3 available)
  vector_math 2.2.0 (2.3.0 available)
  vm_service 15.0.2 (15.2.0 available)
  webview_flutter_android 4.11.0 (4.12.0 available)
  webview_flutter_wkwebview 3.24.3 (3.25.1 available)
  win32 5.15.0 (6.1.0 available)
  xml 6.6.1 (7.0.1 available)
Got dependencies!
25 packages have newer versions incompatible with dependency constraints.
Try `flutter pub outdated` for more information.
Running Gradle task 'assembleCaRelease'...                      
Font asset "MaterialIcons-Regular.otf" was tree-shaken, reducing it from 1645184 to 7532 bytes (99.5% reduction). Tree-shaking can be disabled by providing the --no-tree-shake-icons flag when building your app.
Font asset "MaterialIcons-Regular.otf" was tree-shaken, reducing it from 1645184 to 7532 bytes (99.5% reduction). Tree-shaking can be disabled by providing the --no-tree-shake-icons flag when building your app.
Running Gradle task 'assembleCaRelease'...                        253.8s
√ Built build\app\outputs\flutter-apk\app-ca-release.apk (59.9MB)
  ✅ AutoLoan ca OK

>>> AutoLoan uk Wed May  6 02:22:41 EDT 2026
Resolving dependencies...
Downloading packages...
  _flutterfire_internals 1.3.59 (1.3.69 available)
  cli_util 0.4.2 (0.5.0 available)
  firebase_analytics 11.6.0 (12.3.0 available)
  firebase_analytics_platform_interface 4.4.3 (5.1.1 available)
  firebase_analytics_web 0.5.10+16 (0.6.1+5 available)
  firebase_core 3.15.2 (4.7.0 available)
  firebase_core_web 2.24.1 (3.6.0 available)
  firebase_crashlytics 4.3.10 (5.2.0 available)
  firebase_crashlytics_platform_interface 3.8.10 (3.8.20 available)
  fl_chart 0.69.2 (1.2.0 available)
  google_mobile_ads 5.3.1 (8.0.0 available)
  hooks 1.0.2 (1.0.3 available)
  matcher 0.12.19 (0.12.20 available)
  meta 1.17.0 (1.18.2 available)
  native_toolchain_c 0.17.6 (0.18.0 available)
  share_plus 10.1.4 (13.1.0 available)
  share_plus_platform_interface 5.0.2 (7.1.0 available)
  test_api 0.7.10 (0.7.12 available)
  url_launcher_web 2.4.2 (2.4.3 available)
  vector_math 2.2.0 (2.3.0 available)
  vm_service 15.0.2 (15.2.0 available)
  webview_flutter_android 4.11.0 (4.12.0 available)
  webview_flutter_wkwebview 3.24.3 (3.25.1 available)
  win32 5.15.0 (6.1.0 available)
  xml 6.6.1 (7.0.1 available)
Got dependencies!
25 packages have newer versions incompatible with dependency constraints.
Try `flutter pub outdated` for more information.
Running Gradle task 'assembleUkRelease'...                      
Font asset "MaterialIcons-Regular.otf" was tree-shaken, reducing it from 1645184 to 7532 bytes (99.5% reduction). Tree-shaking can be disabled by providing the --no-tree-shake-icons flag when building your app.
Font asset "MaterialIcons-Regular.otf" was tree-shaken, reducing it from 1645184 to 7532 bytes (99.5% reduction). Tree-shaking can be disabled by providing the --no-tree-shake-icons flag when building your app.
Running Gradle task 'assembleUkRelease'...                        192.7s
√ Built build\app\outputs\flutter-apk\app-uk-release.apk (59.9MB)
  ✅ AutoLoan uk OK

>>> AutoLoan us Wed May  6 02:25:59 EDT 2026
Resolving dependencies...
Downloading packages...
  _flutterfire_internals 1.3.59 (1.3.69 available)
  cli_util 0.4.2 (0.5.0 available)
  firebase_analytics 11.6.0 (12.3.0 available)
  firebase_analytics_platform_interface 4.4.3 (5.1.1 available)
  firebase_analytics_web 0.5.10+16 (0.6.1+5 available)
  firebase_core 3.15.2 (4.7.0 available)
  firebase_core_web 2.24.1 (3.6.0 available)
  firebase_crashlytics 4.3.10 (5.2.0 available)
  firebase_crashlytics_platform_interface 3.8.10 (3.8.20 available)
  fl_chart 0.69.2 (1.2.0 available)
  google_mobile_ads 5.3.1 (8.0.0 available)
  hooks 1.0.2 (1.0.3 available)
  matcher 0.12.19 (0.12.20 available)
  meta 1.17.0 (1.18.2 available)
  native_toolchain_c 0.17.6 (0.18.0 available)
  share_plus 10.1.4 (13.1.0 available)
  share_plus_platform_interface 5.0.2 (7.1.0 available)
  test_api 0.7.10 (0.7.12 available)
  url_launcher_web 2.4.2 (2.4.3 available)
  vector_math 2.2.0 (2.3.0 available)
  vm_service 15.0.2 (15.2.0 available)
  webview_flutter_android 4.11.0 (4.12.0 available)
  webview_flutter_wkwebview 3.24.3 (3.25.1 available)
  win32 5.15.0 (6.1.0 available)
  xml 6.6.1 (7.0.1 available)
Got dependencies!
25 packages have newer versions incompatible with dependency constraints.
Try `flutter pub outdated` for more information.
Running Gradle task 'assembleUsRelease'...                      
Font asset "MaterialIcons-Regular.otf" was tree-shaken, reducing it from 1645184 to 7532 bytes (99.5% reduction). Tree-shaking can be disabled by providing the --no-tree-shake-icons flag when building your app.
Running Gradle task 'assembleUsRelease'...                        141.5s
√ Built build\app\outputs\flutter-apk\app-us-release.apk (59.9MB)
  ✅ AutoLoan us OK

>>> SalaryApp ca Wed May  6 02:28:24 EDT 2026
Resolving dependencies...
Downloading packages...
  _flutterfire_internals 1.3.59 (1.3.69 available)
  firebase_analytics 11.6.0 (12.3.0 available)
  firebase_analytics_platform_interface 4.4.3 (5.1.1 available)
  firebase_analytics_web 0.5.10+16 (0.6.1+5 available)
  firebase_core 3.15.2 (4.7.0 available)
  firebase_core_web 2.24.1 (3.6.0 available)
  firebase_crashlytics 4.3.10 (5.2.0 available)
  firebase_crashlytics_platform_interface 3.8.10 (3.8.20 available)
  fl_chart 0.68.0 (1.2.0 available)
  flutter_lints 3.0.2 (6.0.0 available)
  google_mobile_ads 5.3.1 (8.0.0 available)
  intl 0.19.0 (0.20.2 available)
  lints 3.0.0 (6.1.0 available)
  matcher 0.12.19 (0.12.20 available)
  meta 1.17.0 (1.18.2 available)
  sqflite 2.4.2 (2.4.2+1 available)
  sqflite_common 2.5.6 (2.5.6+1 available)
  test_api 0.7.10 (0.7.12 available)
  url_launcher_web 2.4.2 (2.4.3 available)
  vector_math 2.2.0 (2.3.0 available)
  vm_service 15.1.0 (15.2.0 available)
  webview_flutter_android 4.11.0 (4.12.0 available)
  webview_flutter_wkwebview 3.24.3 (3.25.1 available)
  xml 6.6.1 (7.0.1 available)
Got dependencies!
24 packages have newer versions incompatible with dependency constraints.
Try `flutter pub outdated` for more information.
Running Gradle task 'assembleCaRelease'...                      
Font asset "MaterialIcons-Regular.otf" was tree-shaken, reducing it from 1645184 to 7176 bytes (99.6% reduction). Tree-shaking can be disabled by providing the --no-tree-shake-icons flag when building your app.
Running Gradle task 'assembleCaRelease'...                        171.8s
√ Built build\app\outputs\flutter-apk\app-ca-release.apk (56.9MB)
  ✅ SalaryApp ca OK

>>> SalaryApp uk Wed May  6 02:31:22 EDT 2026
Resolving dependencies...
Downloading packages...
  _flutterfire_internals 1.3.59 (1.3.69 available)
  firebase_analytics 11.6.0 (12.3.0 available)
  firebase_analytics_platform_interface 4.4.3 (5.1.1 available)
  firebase_analytics_web 0.5.10+16 (0.6.1+5 available)
  firebase_core 3.15.2 (4.7.0 available)
  firebase_core_web 2.24.1 (3.6.0 available)
  firebase_crashlytics 4.3.10 (5.2.0 available)
  firebase_crashlytics_platform_interface 3.8.10 (3.8.20 available)
  fl_chart 0.68.0 (1.2.0 available)
  flutter_lints 3.0.2 (6.0.0 available)
  google_mobile_ads 5.3.1 (8.0.0 available)
  intl 0.19.0 (0.20.2 available)
  lints 3.0.0 (6.1.0 available)
  matcher 0.12.19 (0.12.20 available)
  meta 1.17.0 (1.18.2 available)
  sqflite 2.4.2 (2.4.2+1 available)
  sqflite_common 2.5.6 (2.5.6+1 available)
  test_api 0.7.10 (0.7.12 available)
  url_launcher_web 2.4.2 (2.4.3 available)
  vector_math 2.2.0 (2.3.0 available)
  vm_service 15.1.0 (15.2.0 available)
  webview_flutter_android 4.11.0 (4.12.0 available)
  webview_flutter_wkwebview 3.24.3 (3.25.1 available)
  xml 6.6.1 (7.0.1 available)
Got dependencies!
24 packages have newer versions incompatible with dependency constraints.
Try `flutter pub outdated` for more information.
Running Gradle task 'assembleUkRelease'...                      
Font asset "MaterialIcons-Regular.otf" was tree-shaken, reducing it from 1645184 to 7176 bytes (99.6% reduction). Tree-shaking can be disabled by providing the --no-tree-shake-icons flag when building your app.
Font asset "MaterialIcons-Regular.otf" was tree-shaken, reducing it from 1645184 to 7176 bytes (99.6% reduction). Tree-shaking can be disabled by providing the --no-tree-shake-icons flag when building your app.
Running Gradle task 'assembleUkRelease'...                        177.8s
√ Built build\app\outputs\flutter-apk\app-uk-release.apk (56.6MB)
  ✅ SalaryApp uk OK

>>> SalaryApp us Wed May  6 02:34:24 EDT 2026
Resolving dependencies...
Downloading packages...
  _flutterfire_internals 1.3.59 (1.3.69 available)
  firebase_analytics 11.6.0 (12.3.0 available)
  firebase_analytics_platform_interface 4.4.3 (5.1.1 available)
  firebase_analytics_web 0.5.10+16 (0.6.1+5 available)
  firebase_core 3.15.2 (4.7.0 available)
  firebase_core_web 2.24.1 (3.6.0 available)
  firebase_crashlytics 4.3.10 (5.2.0 available)
  firebase_crashlytics_platform_interface 3.8.10 (3.8.20 available)
  fl_chart 0.68.0 (1.2.0 available)
  flutter_lints 3.0.2 (6.0.0 available)
  google_mobile_ads 5.3.1 (8.0.0 available)
  intl 0.19.0 (0.20.2 available)
  lints 3.0.0 (6.1.0 available)
  matcher 0.12.19 (0.12.20 available)
  meta 1.17.0 (1.18.2 available)
  sqflite 2.4.2 (2.4.2+1 available)
  sqflite_common 2.5.6 (2.5.6+1 available)
  test_api 0.7.10 (0.7.12 available)
  url_launcher_web 2.4.2 (2.4.3 available)
  vector_math 2.2.0 (2.3.0 available)
  vm_service 15.1.0 (15.2.0 available)
  webview_flutter_android 4.11.0 (4.12.0 available)
  webview_flutter_wkwebview 3.24.3 (3.25.1 available)
  xml 6.6.1 (7.0.1 available)
Got dependencies!
24 packages have newer versions incompatible with dependency constraints.
Try `flutter pub outdated` for more information.
Running Gradle task 'assembleUsRelease'...                      
Font asset "MaterialIcons-Regular.otf" was tree-shaken, reducing it from 1645184 to 7176 bytes (99.6% reduction). Tree-shaking can be disabled by providing the --no-tree-shake-icons flag when building your app.
Font asset "MaterialIcons-Regular.otf" was tree-shaken, reducing it from 1645184 to 7176 bytes (99.6% reduction). Tree-shaking can be disabled by providing the --no-tree-shake-icons flag when building your app.
Running Gradle task 'assembleUsRelease'...                        174.6s
√ Built build\app\outputs\flutter-apk\app-us-release.apk (56.9MB)
  ✅ SalaryApp us OK

=== BUILD ALL DONE Wed May  6 02:37:24 EDT 2026 ===
